<?xml version="1.0" encoding="UTF-8"?>
<testng-results skipped="0" failed="0" ignored="0" total="1" passed="1">
  <reporter-output>
  </reporter-output>
  <suite name="Suite" duration-ms="21642" started-at="2019-08-25T15:32:52Z" finished-at="2019-08-25T15:33:14Z">
    <groups>
    </groups>
    <test name="Test" duration-ms="21642" started-at="2019-08-25T15:32:52Z" finished-at="2019-08-25T15:33:14Z">
      <class name="package01.SendMail3">
        <test-method status="PASS" signature="openChrome()[pri:0, instance:package01.SendMail3@ff5b51f]" name="openChrome" is-config="true" duration-ms="8396" started-at="2019-08-25T15:32:52Z" finished-at="2019-08-25T15:33:00Z">
          <reporter-output>
          </reporter-output>
        </test-method> <!-- openChrome -->
        <test-method status="PASS" signature="sendMail()[pri:0, instance:package01.SendMail3@ff5b51f]" name="sendMail" duration-ms="13207" started-at="2019-08-25T15:33:00Z" finished-at="2019-08-25T15:33:14Z">
          <reporter-output>
          </reporter-output>
        </test-method> <!-- sendMail -->
      </class> <!-- package01.SendMail3 -->
    </test> <!-- Test -->
  </suite> <!-- Suite -->
</testng-results>
